C:\Program Files\Microsoft Visual Studio\2022\Community\MSBuild\Microsoft\VC\v170\Microsoft.CppBuild.targets(531,5): warning MSB8028: The intermediate directory (x64\Debug\) contains files shared from another project (ConsoleApplication1.vcxproj).  This can lead to incorrect clean and rebuild behavior.
  main.cpp
C:\myapps\source\repos\ConsoleApplication1\ConsoleApplication1\main.cpp(16,10): warning C4067: unexpected tokens following preprocessor directive - expected a newline
C:\myapps\source\repos\ConsoleApplication1\ConsoleApplication1\main.cpp(214,35): warning C4305: '+=': truncation from 'double' to 'GLfloat'
C:\myapps\source\repos\ConsoleApplication1\ConsoleApplication1\main.cpp(220,35): warning C4305: '+=': truncation from 'double' to 'GLfloat'
C:\myapps\source\repos\ConsoleApplication1\ConsoleApplication1\main.cpp(232,35): warning C4305: '-=': truncation from 'double' to 'GLfloat'
C:\myapps\source\repos\ConsoleApplication1\ConsoleApplication1\main.cpp(238,35): warning C4305: '-=': truncation from 'double' to 'GLfloat'
C:\myapps\source\repos\ConsoleApplication1\ConsoleApplication1\main.cpp(271,32): warning C4244: '=': conversion from 'double' to 'T', possible loss of data
C:\myapps\source\repos\ConsoleApplication1\ConsoleApplication1\main.cpp(271,32): warning C4244:         with
C:\myapps\source\repos\ConsoleApplication1\ConsoleApplication1\main.cpp(271,32): warning C4244:         [
C:\myapps\source\repos\ConsoleApplication1\ConsoleApplication1\main.cpp(271,32): warning C4244:             T=float
C:\myapps\source\repos\ConsoleApplication1\ConsoleApplication1\main.cpp(271,32): warning C4244:         ]
C:\myapps\source\repos\ConsoleApplication1\ConsoleApplication1\main.cpp(272,18): warning C4244: '=': conversion from 'double' to 'T', possible loss of data
C:\myapps\source\repos\ConsoleApplication1\ConsoleApplication1\main.cpp(272,18): warning C4244:         with
C:\myapps\source\repos\ConsoleApplication1\ConsoleApplication1\main.cpp(272,18): warning C4244:         [
C:\myapps\source\repos\ConsoleApplication1\ConsoleApplication1\main.cpp(272,18): warning C4244:             T=float
C:\myapps\source\repos\ConsoleApplication1\ConsoleApplication1\main.cpp(272,18): warning C4244:         ]
C:\myapps\source\repos\ConsoleApplication1\ConsoleApplication1\main.cpp(273,32): warning C4244: '=': conversion from 'double' to 'T', possible loss of data
C:\myapps\source\repos\ConsoleApplication1\ConsoleApplication1\main.cpp(273,32): warning C4244:         with
C:\myapps\source\repos\ConsoleApplication1\ConsoleApplication1\main.cpp(273,32): warning C4244:         [
C:\myapps\source\repos\ConsoleApplication1\ConsoleApplication1\main.cpp(273,32): warning C4244:             T=float
C:\myapps\source\repos\ConsoleApplication1\ConsoleApplication1\main.cpp(273,32): warning C4244:         ]
C:\myapps\source\repos\ConsoleApplication1\ConsoleApplication1\main.cpp(396,74): warning C4244: 'argument': conversion from 'double' to 'float', possible loss of data
C:\myapps\source\repos\ConsoleApplication1\ConsoleApplication1\main.cpp(403,56): warning C4244: 'argument': conversion from 'double' to 'float', possible loss of data
C:\myapps\source\repos\ConsoleApplication1\ConsoleApplication1\main.cpp(407,56): warning C4244: 'argument': conversion from 'double' to 'float', possible loss of data
C:\myapps\source\repos\ConsoleApplication1\ConsoleApplication1\main.cpp(415,56): warning C4244: 'argument': conversion from 'double' to 'float', possible loss of data
C:\myapps\source\repos\ConsoleApplication1\ConsoleApplication1\main.cpp(420,56): warning C4244: 'argument': conversion from 'double' to 'float', possible loss of data
C:\myapps\source\repos\ConsoleApplication1\ConsoleApplication1\main.cpp(424,56): warning C4244: 'argument': conversion from 'double' to 'float', possible loss of data
C:\myapps\source\repos\ConsoleApplication1\ConsoleApplication1\main.cpp(432,93): warning C4244: 'argument': conversion from 'double' to 'float', possible loss of data
C:\myapps\source\repos\ConsoleApplication1\ConsoleApplication1\main.cpp(432,73): warning C4244: 'argument': conversion from 'double' to 'float', possible loss of data
C:\myapps\source\repos\ConsoleApplication1\ConsoleApplication1\main.cpp(439,92): warning C4244: 'argument': conversion from 'double' to 'float', possible loss of data
C:\myapps\source\repos\ConsoleApplication1\ConsoleApplication1\main.cpp(439,72): warning C4244: 'argument': conversion from 'double' to 'float', possible loss of data
C:\myapps\source\repos\ConsoleApplication1\ConsoleApplication1\main.cpp(448,73): warning C4244: 'argument': conversion from 'double' to 'float', possible loss of data
C:\myapps\source\repos\ConsoleApplication1\ConsoleApplication1\main.cpp(669,53): warning C4267: 'argument': conversion from 'size_t' to 'GLenum', possible loss of data
C:\myapps\source\repos\ConsoleApplication1\ConsoleApplication1\main.cpp(869,25): warning C4244: '=': conversion from 'double' to 'GLfloat', possible loss of data
C:\myapps\source\repos\ConsoleApplication1\ConsoleApplication1\main.cpp(870,20): warning C4244: '=': conversion from 'double' to 'GLfloat', possible loss of data
  DirectionalLight.cpp
C:\myapps\source\repos\ConsoleApplication1\ConsoleApplication1\DirectionalLight.cpp(21,14): warning C4244: 'argument': conversion from 'GLfloat' to 'GLint', possible loss of data
C:\myapps\source\repos\ConsoleApplication1\ConsoleApplication1\DirectionalLight.cpp(22,14): warning C4244: 'argument': conversion from 'GLfloat' to 'GLint', possible loss of data
C:\myapps\source\repos\ConsoleApplication1\ConsoleApplication1\DirectionalLight.cpp(24,14): warning C4244: 'argument': conversion from 'GLfloat' to 'GLint', possible loss of data
C:\myapps\source\repos\ConsoleApplication1\ConsoleApplication1\DirectionalLight.cpp(25,14): warning C4244: 'argument': conversion from 'GLfloat' to 'GLint', possible loss of data
  Light.cpp
C:\myapps\source\repos\ConsoleApplication1\ConsoleApplication1\Light.cpp(13,31): warning C4244: 'argument': conversion from 'GLfloat' to 'GLuint', possible loss of data
C:\myapps\source\repos\ConsoleApplication1\ConsoleApplication1\Light.cpp(13,18): warning C4244: 'argument': conversion from 'GLfloat' to 'GLuint', possible loss of data
  Material.cpp
  Mesh.cpp
  Model.cpp
C:\myapps\source\repos\ConsoleApplication1\ConsoleApplication1\Model.cpp(30,10): warning C4477: 'printf' : format string '%s' requires an argument of type 'char *', but variadic argument 1 has type 'const std::string'
C:\myapps\source\repos\ConsoleApplication1\ConsoleApplication1\Model.cpp(83,78): warning C4267: 'argument': conversion from 'size_t' to 'unsigned int', possible loss of data
C:\myapps\source\repos\ConsoleApplication1\ConsoleApplication1\Model.cpp(83,62): warning C4267: 'argument': conversion from 'size_t' to 'unsigned int', possible loss of data
C:\myapps\source\repos\ConsoleApplication1\ConsoleApplication1\Model.cpp(103,13): warning C4267: 'initializing': conversion from 'size_t' to 'int', possible loss of data
C:\myapps\source\repos\ConsoleApplication1\ConsoleApplication1\Model.cpp(112,13): warning C4477: 'printf' : format string '%s' requires an argument of type 'char *', but variadic argument 1 has type 'std::string'
  OmniShadowMaping.cpp
C:\myapps\source\repos\ConsoleApplication1\ConsoleApplication1\OmniShadowMaping.cpp(16,47): warning C4267: 'argument': conversion from 'size_t' to 'GLenum', possible loss of data
  PointLight.cpp
C:\myapps\source\repos\ConsoleApplication1\ConsoleApplication1\PointLight.cpp(31,31): warning C4244: 'argument': conversion from 'GLfloat' to 'GLuint', possible loss of data
C:\myapps\source\repos\ConsoleApplication1\ConsoleApplication1\PointLight.cpp(31,18): warning C4244: 'argument': conversion from 'GLfloat' to 'GLuint', possible loss of data
  Satellite.cpp
C:\myapps\source\repos\ConsoleApplication1\ConsoleApplication1\Satellite.cpp(2,10): warning C4067: unexpected tokens following preprocessor directive - expected a newline
C:\myapps\source\repos\ConsoleApplication1\ConsoleApplication1\Satellite.cpp(110,11): warning C4244: 'initializing': conversion from 'double' to 'float', possible loss of data
  Shader.cpp
C:\myapps\source\repos\ConsoleApplication1\ConsoleApplication1\Shader.cpp(137,38): warning C4477: 'snprintf' : format string '%d' requires an argument of type 'int', but variadic argument 1 has type 'size_t'
  C:\myapps\source\repos\ConsoleApplication1\ConsoleApplication1\Shader.cpp(137,38):
  consider using '%zd' in the format string
  
C:\myapps\source\repos\ConsoleApplication1\ConsoleApplication1\Shader.cpp(140,38): warning C4477: 'snprintf' : format string '%d' requires an argument of type 'int', but variadic argument 1 has type 'size_t'
  C:\myapps\source\repos\ConsoleApplication1\ConsoleApplication1\Shader.cpp(140,38):
  consider using '%zd' in the format string
  
C:\myapps\source\repos\ConsoleApplication1\ConsoleApplication1\Shader.cpp(143,38): warning C4477: 'snprintf' : format string '%d' requires an argument of type 'int', but variadic argument 1 has type 'size_t'
  C:\myapps\source\repos\ConsoleApplication1\ConsoleApplication1\Shader.cpp(143,38):
  consider using '%zd' in the format string
  
C:\myapps\source\repos\ConsoleApplication1\ConsoleApplication1\Shader.cpp(146,38): warning C4477: 'snprintf' : format string '%d' requires an argument of type 'int', but variadic argument 1 has type 'size_t'
  C:\myapps\source\repos\ConsoleApplication1\ConsoleApplication1\Shader.cpp(146,38):
  consider using '%zd' in the format string
  
C:\myapps\source\repos\ConsoleApplication1\ConsoleApplication1\Shader.cpp(149,38): warning C4477: 'snprintf' : format string '%d' requires an argument of type 'int', but variadic argument 1 has type 'size_t'
  C:\myapps\source\repos\ConsoleApplication1\ConsoleApplication1\Shader.cpp(149,38):
  consider using '%zd' in the format string
  
C:\myapps\source\repos\ConsoleApplication1\ConsoleApplication1\Shader.cpp(152,38): warning C4477: 'snprintf' : format string '%d' requires an argument of type 'int', but variadic argument 1 has type 'size_t'
  C:\myapps\source\repos\ConsoleApplication1\ConsoleApplication1\Shader.cpp(152,38):
  consider using '%zd' in the format string
  
C:\myapps\source\repos\ConsoleApplication1\ConsoleApplication1\Shader.cpp(155,38): warning C4477: 'snprintf' : format string '%d' requires an argument of type 'int', but variadic argument 1 has type 'size_t'
  C:\myapps\source\repos\ConsoleApplication1\ConsoleApplication1\Shader.cpp(155,38):
  consider using '%zd' in the format string
  
C:\myapps\source\repos\ConsoleApplication1\ConsoleApplication1\Shader.cpp(162,38): warning C4477: 'snprintf' : format string '%d' requires an argument of type 'int', but variadic argument 1 has type 'size_t'
  C:\myapps\source\repos\ConsoleApplication1\ConsoleApplication1\Shader.cpp(162,38):
  consider using '%zd' in the format string
  
C:\myapps\source\repos\ConsoleApplication1\ConsoleApplication1\Shader.cpp(165,38): warning C4477: 'snprintf' : format string '%d' requires an argument of type 'int', but variadic argument 1 has type 'size_t'
  C:\myapps\source\repos\ConsoleApplication1\ConsoleApplication1\Shader.cpp(165,38):
  consider using '%zd' in the format string
  
C:\myapps\source\repos\ConsoleApplication1\ConsoleApplication1\Shader.cpp(179,38): warning C4477: 'snprintf' : format string '%d' requires an argument of type 'int', but variadic argument 1 has type 'size_t'
  C:\myapps\source\repos\ConsoleApplication1\ConsoleApplication1\Shader.cpp(179,38):
  consider using '%zd' in the format string
  
C:\myapps\source\repos\ConsoleApplication1\ConsoleApplication1\Shader.cpp(236,75): warning C4244: 'argument': conversion from 'GLuint' to 'GLfloat', possible loss of data
C:\myapps\source\repos\ConsoleApplication1\ConsoleApplication1\Shader.cpp(236,26): warning C4244: 'argument': conversion from 'GLuint' to 'GLfloat', possible loss of data
C:\myapps\source\repos\ConsoleApplication1\ConsoleApplication1\Shader.cpp(235,91): warning C4244: 'argument': conversion from 'GLuint' to 'GLfloat', possible loss of data
C:\myapps\source\repos\ConsoleApplication1\ConsoleApplication1\Shader.cpp(235,42): warning C4244: 'argument': conversion from 'GLuint' to 'GLfloat', possible loss of data
C:\myapps\source\repos\ConsoleApplication1\ConsoleApplication1\Shader.cpp(252,60): warning C4267: 'argument': conversion from 'size_t' to 'GLenum', possible loss of data
C:\myapps\source\repos\ConsoleApplication1\ConsoleApplication1\Shader.cpp(253,78): warning C4267: 'argument': conversion from 'size_t' to 'GLint', possible loss of data
C:\myapps\source\repos\ConsoleApplication1\ConsoleApplication1\Shader.cpp(302,24): warning C4267: '=': conversion from 'size_t' to 'GLint', possible loss of data
  ShadowMaping.cpp
  Texture.cpp
  Generating Code...
glew32s.lib(glew.obj) : warning LNK4099: PDB '' was not found with 'glew32s.lib(glew.obj)' or at ''; linking object as if no debug info
LINK : warning LNK4098: defaultlib 'LIBCMT' conflicts with use of other libs; use /NODEFAULTLIB:library
LINK : warning LNK4098: defaultlib 'MSVCRT' conflicts with use of other libs; use /NODEFAULTLIB:library
  ConsoleApplication1.vcxproj -> C:\myapps\source\repos\ConsoleApplication1\x64\Debug\ProjectSynthese.exe
