c:\users\mohre\source\repos\consoleapplication1\consoleapplication1\x64\debug\vc142.pdb
c:\users\mohre\source\repos\consoleapplication1\consoleapplication1\x64\debug\vc142.idb
c:\users\mohre\source\repos\consoleapplication1\consoleapplication1\x64\debug\texture.obj
c:\users\mohre\source\repos\consoleapplication1\consoleapplication1\x64\debug\shader.obj
c:\users\mohre\source\repos\consoleapplication1\consoleapplication1\x64\debug\pointlight.obj
c:\users\mohre\source\repos\consoleapplication1\consoleapplication1\x64\debug\model.obj
c:\users\mohre\source\repos\consoleapplication1\consoleapplication1\x64\debug\mesh.obj
c:\users\mohre\source\repos\consoleapplication1\consoleapplication1\x64\debug\material.obj
c:\users\mohre\source\repos\consoleapplication1\consoleapplication1\x64\debug\light.obj
c:\users\mohre\source\repos\consoleapplication1\consoleapplication1\x64\debug\directionallight.obj
c:\users\mohre\source\repos\consoleapplication1\consoleapplication1\x64\debug\main.obj
c:\users\mohre\source\repos\consoleapplication1\consoleapplication1\x64\debug\satellite.obj
c:\users\mohre\source\repos\consoleapplication1\x64\debug\projectsynthese.exe
c:\users\mohre\source\repos\consoleapplication1\consoleapplication1\x64\debug\projectsynthese.ilk
c:\users\mohre\source\repos\consoleapplication1\x64\debug\projectsynthese.pdb
c:\users\mohre\source\repos\consoleapplication1\consoleapplication1\x64\debug\consoleapplication1.obj
c:\users\mohre\source\repos\consoleapplication1\consoleapplication1\x64\debug\consoleapplication1.ilk
c:\users\mohre\source\repos\consoleapplication1\consoleapplication1\x64\debug\projectsynthese.tlog\cl.command.1.tlog
c:\users\mohre\source\repos\consoleapplication1\consoleapplication1\x64\debug\projectsynthese.tlog\cl.read.1.tlog
c:\users\mohre\source\repos\consoleapplication1\consoleapplication1\x64\debug\projectsynthese.tlog\cl.write.1.tlog
c:\users\mohre\source\repos\consoleapplication1\consoleapplication1\x64\debug\projectsynthese.tlog\link.command.1.tlog
c:\users\mohre\source\repos\consoleapplication1\consoleapplication1\x64\debug\projectsynthese.tlog\link.read.1.tlog
c:\users\mohre\source\repos\consoleapplication1\consoleapplication1\x64\debug\projectsynthese.tlog\link.write.1.tlog
